<?xml version="1.0" encoding="UTF-8"?>
<!-- Generated by org.testng.reporters.JUnitReportReporter -->
<testsuite skipped="0" hostname="GGKU4DELL1186" name="testscripts.Usermgt_AddUser" tests="2" failures="0" timestamp="26 Apr 2019 09:47:40 GMT" time="0.551" errors="0">
  <testcase name="verifytitle" time="0.025" classname="testscripts.Usermgt_AddUser"/>
  <testcase name="AddUser" time="0.526" classname="testscripts.Usermgt_AddUser"/>
</testsuite> <!-- testscripts.Usermgt_AddUser -->
