<?xml version="1.0" encoding="UTF-8"?>
<!-- Generated by org.testng.reporters.JUnitReportReporter -->
<testsuite skipped="0" hostname="GGKU4DELL1186" name="testscripts._5_Job_AddJobTitle" tests="2" failures="0" timestamp="15 May 2019 16:06:36 GMT" time="1.293" errors="0">
  <testcase name="verifytitle" time="0.104" classname="testscripts._5_Job_AddJobTitle"/>
  <testcase name="AddUser" time="1.189" classname="testscripts._5_Job_AddJobTitle"/>
</testsuite> <!-- testscripts._5_Job_AddJobTitle -->
