<?xml version="1.0" encoding="UTF-8"?>
<!-- Generated by org.testng.reporters.JUnitReportReporter -->
<testsuite skipped="0" hostname="GGKU4DELL1186" name="testscripts._1_Login" tests="1" failures="0" timestamp="17 May 2019 15:26:00 GMT" time="1.692" errors="0">
  <testcase name="LoginTest" time="1.692" classname="testscripts._1_Login"/>
</testsuite> <!-- testscripts._1_Login -->
