<?xml version="1.0" encoding="UTF-8"?>
<!-- Generated by org.testng.reporters.JUnitReportReporter -->
<testsuite skipped="0" hostname="GGKU4DELL1186" name="testscripts.Job_JobTitle" tests="1" failures="0" timestamp="26 Apr 2019 09:47:40 GMT" time="2.347" errors="0">
  <testcase name="NavigateJobTitle" time="2.347" classname="testscripts.Job_JobTitle"/>
</testsuite> <!-- testscripts.Job_JobTitle -->
