<?xml version="1.0" encoding="UTF-8"?>
<!-- Generated by org.testng.reporters.JUnitReportReporter -->
<testsuite skipped="0" hostname="GGKU4DELL1186" name="testscripts._4_Job_JobTitle" tests="4" failures="0" timestamp="15 May 2019 16:06:36 GMT" time="4.395" errors="0">
  <testcase name="NavigateJobTitle" time="2.065" classname="testscripts._4_Job_JobTitle"/>
  <testcase name="verifytitle" time="0.079" classname="testscripts._4_Job_JobTitle"/>
  <testcase name="ClickAdd" time="0.896" classname="testscripts._4_Job_JobTitle"/>
  <testcase name="deleteuser" time="1.355" classname="testscripts._4_Job_JobTitle"/>
</testsuite> <!-- testscripts._4_Job_JobTitle -->
