<?xml version="1.0" encoding="UTF-8"?>
<!-- Generated by org.testng.reporters.JUnitReportReporter -->
<testsuite skipped="0" hostname="GGKU4DELL1186" name="testscripts._3_Usermgt_AddUser" tests="2" failures="0" timestamp="15 May 2019 16:06:36 GMT" time="0.764" errors="0">
  <testcase name="verifytitle" time="0.031" classname="testscripts._3_Usermgt_AddUser"/>
  <testcase name="AddUser" time="0.733" classname="testscripts._3_Usermgt_AddUser"/>
</testsuite> <!-- testscripts._3_Usermgt_AddUser -->
