<?xml version="1.0" encoding="UTF-8"?>
<!-- Generated by org.testng.reporters.JUnitReportReporter -->
<testsuite skipped="0" hostname="GGKU4DELL1186" name="testscripts._2_Usermgt_User" tests="4" failures="0" timestamp="15 May 2019 16:06:36 GMT" time="8.124" errors="0">
  <testcase name="NavigateUserMgt_Users" time="3.301" classname="testscripts._2_Usermgt_User"/>
  <testcase name="verifytitle" time="0.034" classname="testscripts._2_Usermgt_User"/>
  <testcase name="ClickAdd" time="0.679" classname="testscripts._2_Usermgt_User"/>
  <testcase name="deleteuser" time="4.110" classname="testscripts._2_Usermgt_User"/>
</testsuite> <!-- testscripts._2_Usermgt_User -->
